TN:
SF:dist/webpack:/node_modules/css-loader/dist/runtime/api.js
FN:9,(anonymous_80)
FN:12,(anonymous_81)
FN:13,(anonymous_82)
FN:68,(anonymous_83)
FN:79,(anonymous_84)
FN:26,(anonymous_85)
FNF:6
FNH:1
FNDA:1,(anonymous_80)
FNDA:0,(anonymous_81)
FNDA:0,(anonymous_82)
FNDA:0,(anonymous_83)
FNDA:0,(anonymous_84)
FNDA:0,(anonymous_85)
DA:9,1
DA:10,1
DA:13,0
DA:16,0
DA:27,0
DA:32,0
DA:34,0
DA:35,0
DA:37,0
DA:39,0
DA:45,0
DA:46,0
DA:48,0
DA:65,1
DA:68,0
DA:69,0
DA:71,0
DA:73,0
DA:74,0
DA:77,0
DA:79,0
DA:80,0
DA:82,0
DA:85,0
DA:89,0
LF:25
LH:3
BRDA:69,0,0,0
BRDA:69,0,1,0
BRDA:73,1,0,0
BRDA:73,1,1,0
BRDA:77,2,0,0
BRDA:77,2,1,0
BRDA:77,3,0,0
BRDA:77,3,1,0
BRDA:80,4,0,0
BRDA:80,4,1,0
BRDA:17,5,0,0
BRDA:17,5,1,0
BRDA:27,6,0,0
BRDA:27,6,1,0
BRDA:34,7,0,0
BRDA:34,7,1,0
BRDA:39,8,0,0
BRDA:39,8,1,0
BRDA:48,9,0,0
BRDA:48,9,1,0
BRDA:48,9,2,0
BRDA:53,10,0,0
BRDA:53,10,1,0
BRDA:57,11,0,0
BRDA:57,11,1,0
BRF:25
BRH:0
end_of_record
TN:
SF:dist/webpack:/node_modules/regenerator-runtime/runtime.js
FN:8,(anonymous_10)
FN:8,(anonymous_11)
FN:19,s
FN:32,(anonymous_13)
FN:37,d
FN:243,(anonymous_15)
FN:246,(anonymous_16)
FN:61,c
FN:82,u
FN:83,h
FN:84,f
FN:89,(anonymous_21)
FN:115,v
FN:116,(anonymous_23)
FN:117,(anonymous_24)
FN:152,w
FN:186,(anonymous_26)
FN:187,o
FN:188,(anonymous_28)
FN:153,n
FN:163,(anonymous_30)
FN:165,(anonymous_31)
FN:170,(anonymous_32)
FN:176,(anonymous_33)
FN:325,b
FN:423,x
FN:438,E
FN:445,C
FN:481,L
FN:493,t
FN:517,_
FN:123,(anonymous_41)
FN:133,(anonymous_42)
FN:148,(anonymous_43)
FN:220,(anonymous_44)
FN:228,(anonymous_45)
FN:238,(anonymous_46)
FN:415,(anonymous_47)
FN:419,(anonymous_48)
FN:454,(anonymous_49)
FN:463,r
FN:524,(anonymous_51)
FN:550,(anonymous_52)
FN:562,(anonymous_53)
FN:568,n
FN:622,(anonymous_55)
FN:656,(anonymous_56)
FN:675,(anonymous_57)
FN:686,(anonymous_58)
FN:704,(anonymous_59)
FNF:50
FNH:6
FNDA:1,(anonymous_10)
FNDA:1,(anonymous_11)
FNDA:9,s
FNDA:0,(anonymous_13)
FNDA:0,d
FNDA:0,(anonymous_15)
FNDA:0,(anonymous_16)
FNDA:0,c
FNDA:0,u
FNDA:0,h
FNDA:0,f
FNDA:0,(anonymous_21)
FNDA:2,v
FNDA:6,(anonymous_23)
FNDA:0,(anonymous_24)
FNDA:0,w
FNDA:0,(anonymous_26)
FNDA:0,o
FNDA:0,(anonymous_28)
FNDA:0,n
FNDA:0,(anonymous_30)
FNDA:0,(anonymous_31)
FNDA:0,(anonymous_32)
FNDA:0,(anonymous_33)
FNDA:0,b
FNDA:0,x
FNDA:0,E
FNDA:0,C
FNDA:1,L
FNDA:0,t
FNDA:0,_
FNDA:0,(anonymous_41)
FNDA:0,(anonymous_42)
FNDA:0,(anonymous_43)
FNDA:0,(anonymous_44)
FNDA:0,(anonymous_45)
FNDA:0,(anonymous_46)
FNDA:0,(anonymous_47)
FNDA:0,(anonymous_48)
FNDA:0,(anonymous_49)
FNDA:0,r
FNDA:0,(anonymous_51)
FNDA:0,(anonymous_52)
FNDA:0,(anonymous_53)
FNDA:0,n
FNDA:0,(anonymous_55)
FNDA:0,(anonymous_56)
FNDA:0,(anonymous_57)
FNDA:0,(anonymous_58)
FNDA:0,(anonymous_59)
DA:8,1
DA:11,1
DA:12,1
DA:14,1
DA:15,1
DA:16,1
DA:17,1
DA:26,9
DA:28,1
DA:30,1
DA:32,0
DA:33,0
DA:39,0
DA:40,0
DA:41,0
DA:47,0
DA:49,1
DA:62,0
DA:63,0
DA:65,0
DA:69,0
DA:76,1
DA:88,1
DA:89,1
DA:90,0
DA:93,1
DA:94,1
DA:95,1
DA:103,1
DA:116,2
DA:117,6
DA:118,0
DA:124,0
DA:125,0
DA:141,0
DA:149,0
DA:154,0
DA:155,0
DA:156,0
DA:158,0
DA:159,0
DA:160,0
DA:164,0
DA:166,0
DA:174,0
DA:179,0
DA:188,0
DA:193,0
DA:216,0
DA:221,0
DA:228,0
DA:231,0
DA:236,0
DA:239,0
DA:246,0
DA:247,0
DA:248,0
DA:251,0
DA:252,0
DA:253,0
DA:258,0
DA:264,0
DA:265,0
DA:266,0
DA:267,0
DA:268,0
DA:269,0
DA:270,0
DA:274,0
DA:277,0
DA:279,0
DA:280,0
DA:282,0
DA:285,0
DA:287,0
DA:291,0
DA:293,0
DA:294,0
DA:301,0
DA:302,0
DA:305,0
DA:310,0
DA:326,0
DA:327,0
DA:332,0
DA:334,0
DA:344,0
DA:348,0
DA:353,0
DA:356,0
DA:358,0
DA:362,0
DA:365,0
DA:367,0
DA:416,0
DA:420,0
DA:424,0
DA:426,0
DA:439,0
DA:440,0
DA:449,0
DA:455,0
DA:456,0
DA:457,0
DA:463,0
DA:464,0
DA:465,0
DA:466,0
DA:469,0
DA:477,0
DA:482,1
DA:483,1
DA:484,1
DA:485,1
DA:488,0
DA:489,0
DA:492,0
DA:493,0
DA:494,0
DA:495,0
DA:498,0
DA:505,0
DA:508,0
DA:513,0
DA:518,0
DA:538,0
DA:539,0
DA:541,0
DA:551,0
DA:553,0
DA:555,0
DA:556,0
DA:559,0
DA:563,0
DA:564,0
DA:567,0
DA:580,0
DA:583,0
DA:584,0
DA:585,0
DA:587,0
DA:591,0
DA:594,0
DA:595,0
DA:596,0
DA:598,0
DA:599,0
DA:600,0
DA:601,0
DA:602,0
DA:605,0
DA:606,0
DA:607,0
DA:610,0
DA:611,0
DA:612,0
DA:616,0
DA:623,0
DA:624,0
DA:625,0
DA:628,0
DA:629,0
DA:633,0
DA:643,0
DA:647,0
DA:657,0
DA:658,0
DA:672,0
DA:676,0
DA:677,0
DA:678,0
DA:681,0
DA:687,0
DA:688,0
DA:689,0
DA:690,0
DA:691,0
DA:692,0
DA:693,0
DA:695,0
DA:701,0
DA:717,0
DA:725,1
DA:735,1
DA:736,1
DA:747,1
LF:186
LH:28
BRDA:14,0,0,1
BRDA:14,0,1,0
BRDA:15,1,0,1
BRDA:15,1,1,0
BRDA:16,2,0,1
BRDA:16,2,1,0
BRDA:17,3,0,1
BRDA:17,3,1,0
BRDA:39,4,0,0
BRDA:39,4,1,0
BRDA:39,5,0,0
BRDA:39,5,1,0
BRDA:41,6,0,0
BRDA:41,6,1,0
BRDA:247,7,0,0
BRDA:247,7,1,0
BRDA:251,8,0,0
BRDA:251,8,1,0
BRDA:252,9,0,0
BRDA:252,9,1,0
BRDA:266,10,0,0
BRDA:266,10,1,0
BRDA:268,11,0,0
BRDA:268,11,1,0
BRDA:269,12,0,0
BRDA:269,12,1,0
BRDA:274,13,0,0
BRDA:274,13,1,0
BRDA:279,14,0,0
BRDA:279,14,1,0
BRDA:280,15,0,0
BRDA:280,15,1,0
BRDA:287,16,0,0
BRDA:287,16,1,0
BRDA:294,17,0,0
BRDA:294,17,1,0
BRDA:301,18,0,0
BRDA:301,18,1,0
BRDA:72,19,0,0
BRDA:72,19,1,0
BRDA:310,20,0,0
BRDA:310,20,1,0
BRDA:94,21,0,1
BRDA:94,21,1,1
BRDA:95,22,0,1
BRDA:95,22,1,1
BRDA:95,22,2,1
BRDA:95,22,3,1
BRDA:155,23,0,0
BRDA:155,23,1,0
BRDA:163,24,0,0
BRDA:163,24,1,0
BRDA:160,25,0,0
BRDA:160,25,1,0
BRDA:160,25,2,0
BRDA:206,26,0,0
BRDA:206,26,1,0
BRDA:327,27,0,0
BRDA:327,27,1,0
BRDA:332,28,0,0
BRDA:332,28,1,0
BRDA:334,29,0,0
BRDA:334,29,1,0
BRDA:334,30,0,0
BRDA:334,30,1,0
BRDA:358,31,0,0
BRDA:358,31,1,0
BRDA:374,32,0,0
BRDA:374,32,1,0
BRDA:377,33,0,0
BRDA:377,33,1,0
BRDA:388,34,0,0
BRDA:388,34,1,0
BRDA:426,35,0,0
BRDA:426,35,1,0
BRDA:430,36,0,0
BRDA:430,36,1,0
BRDA:439,37,0,0
BRDA:439,37,1,0
BRDA:482,38,0,1
BRDA:482,38,1,0
BRDA:484,39,0,1
BRDA:484,39,1,0
BRDA:488,40,0,0
BRDA:488,40,1,0
BRDA:492,41,0,0
BRDA:492,41,1,0
BRDA:495,42,0,0
BRDA:495,42,1,0
BRDA:124,43,0,0
BRDA:124,43,1,0
BRDA:125,44,0,0
BRDA:125,44,1,0
BRDA:125,44,2,0
BRDA:129,45,0,0
BRDA:129,45,1,0
BRDA:135,46,0,0
BRDA:135,46,1,0
BRDA:228,47,0,0
BRDA:228,47,1,0
BRDA:237,48,0,0
BRDA:237,48,1,0
BRDA:239,49,0,0
BRDA:239,49,1,0
BRDA:466,50,0,0
BRDA:466,50,1,0
BRDA:538,51,0,0
BRDA:538,51,1,0
BRDA:541,52,0,0
BRDA:541,52,1,0
BRDA:541,52,2,0
BRDA:541,52,3,0
BRDA:555,53,0,0
BRDA:555,53,1,0
BRDA:563,54,0,0
BRDA:563,54,1,0
BRDA:573,55,0,0
BRDA:573,55,1,0
BRDA:587,56,0,0
BRDA:587,56,1,0
BRDA:594,57,0,0
BRDA:594,57,1,0
BRDA:598,58,0,0
BRDA:598,58,1,0
BRDA:598,59,0,0
BRDA:598,59,1,0
BRDA:599,60,0,0
BRDA:599,60,1,0
BRDA:601,61,0,0
BRDA:601,61,1,0
BRDA:605,62,0,0
BRDA:605,62,1,0
BRDA:606,63,0,0
BRDA:606,63,1,0
BRDA:610,64,0,0
BRDA:610,64,1,0
BRDA:611,65,0,0
BRDA:611,65,1,0
BRDA:625,66,0,0
BRDA:625,66,1,0
BRDA:625,67,0,0
BRDA:625,67,1,0
BRDA:625,67,2,0
BRDA:633,68,0,0
BRDA:633,68,1,0
BRDA:633,68,2,0
BRDA:633,68,3,0
BRDA:633,68,4,0
BRDA:633,68,5,0
BRDA:643,69,0,0
BRDA:643,69,1,0
BRDA:648,70,0,0
BRDA:648,70,1,0
BRDA:657,71,0,0
BRDA:657,71,1,0
BRDA:663,72,0,0
BRDA:663,72,1,0
BRDA:661,73,0,0
BRDA:661,73,1,0
BRDA:665,74,0,0
BRDA:665,74,1,0
BRDA:668,75,0,0
BRDA:668,75,1,0
BRDA:668,75,2,0
BRDA:678,76,0,0
BRDA:678,76,1,0
BRDA:689,77,0,0
BRDA:689,77,1,0
BRDA:691,78,0,0
BRDA:691,78,1,0
BRDA:711,79,0,0
BRDA:711,79,1,0
BRF:172
BRH:12
end_of_record
TN:
SF:dist/webpack:/node_modules/style-loader/dist/runtime/injectStylesIntoStyleTag.js
FN:5,(anonymous_62)
FN:19,(anonymous_63)
FN:21,(anonymous_64)
FN:45,s
FN:58,d
FN:92,c
FN:104,(anonymous_68)
FN:136,(anonymous_69)
FN:142,h
FN:165,f
FN:197,m
FN:211,(anonymous_73)
FN:123,(anonymous_74)
FN:217,(anonymous_75)
FN:230,(anonymous_76)
FN:240,(anonymous_77)
FNF:16
FNH:8
FNDA:0,(anonymous_62)
FNDA:1,(anonymous_63)
FNDA:1,(anonymous_64)
FNDA:1,s
FNDA:1,d
FNDA:1,c
FNDA:0,(anonymous_68)
FNDA:0,(anonymous_69)
FNDA:0,h
FNDA:1,f
FNDA:1,m
FNDA:0,(anonymous_73)
FNDA:0,(anonymous_74)
FNDA:0,(anonymous_75)
FNDA:1,(anonymous_76)
FNDA:0,(anonymous_77)
DA:5,1
DA:15,0
DA:19,1
DA:20,1
DA:21,1
DA:22,1
DA:23,1
DA:25,1
DA:26,0
DA:29,0
DA:32,0
DA:36,1
DA:39,1
DA:43,1
DA:46,1
DA:48,1
DA:49,0
DA:50,0
DA:51,0
DA:55,1
DA:59,1
DA:60,1
DA:62,1
DA:63,1
DA:64,1
DA:65,1
DA:66,1
DA:67,1
DA:68,1
DA:69,1
DA:72,1
DA:89,1
DA:93,1
DA:94,1
DA:96,1
DA:97,1
DA:99,1
DA:105,0
DA:108,1
DA:109,0
DA:111,1
DA:113,1
DA:114,0
DA:117,1
DA:120,1
DA:125,0
DA:126,0
DA:129,0
DA:135,1
DA:138,0
DA:143,0
DA:147,0
DA:148,0
DA:150,0
DA:151,0
DA:153,0
DA:166,1
DA:167,1
DA:168,1
DA:183,1
DA:184,0
DA:186,1
DA:187,0
DA:190,1
DA:194,1
DA:195,1
DA:202,1
DA:203,0
DA:204,0
DA:208,1
DA:211,0
DA:217,1
DA:218,0
DA:219,0
DA:220,0
DA:223,0
DA:225,0
DA:230,1
DA:239,1
DA:240,1
DA:243,0
DA:247,0
DA:249,0
DA:250,0
DA:253,0
DA:255,0
DA:258,0
DA:260,0
DA:267,0
LF:89
LH:50
BRDA:15,0,0,0
BRDA:15,0,1,0
BRDA:12,1,0,0
BRDA:12,1,1,0
BRDA:12,1,2,0
BRDA:12,1,3,0
BRDA:22,2,0,1
BRDA:22,2,1,0
BRDA:25,3,0,0
BRDA:25,3,1,1
BRDA:25,4,0,1
BRDA:25,4,1,1
BRDA:49,5,0,0
BRDA:49,5,1,0
BRDA:64,6,0,0
BRDA:64,6,1,1
BRDA:65,7,0,1
BRDA:65,7,1,1
BRDA:76,8,0,0
BRDA:76,8,1,1
BRDA:94,9,0,1
BRDA:94,9,1,1
BRDA:96,10,0,1
BRDA:96,10,1,0
BRDA:99,11,0,1
BRDA:99,11,1,0
BRDA:108,12,0,0
BRDA:108,12,1,1
BRDA:111,13,0,1
BRDA:111,13,1,0
BRDA:113,14,0,0
BRDA:113,14,1,1
BRDA:143,15,0,0
BRDA:143,15,1,0
BRDA:143,16,0,0
BRDA:143,16,1,0
BRDA:147,17,0,0
BRDA:147,17,1,0
BRDA:153,18,0,0
BRDA:153,18,1,0
BRDA:158,19,0,0
BRDA:158,19,1,0
BRDA:183,20,0,0
BRDA:183,20,1,1
BRDA:171,21,0,0
BRDA:171,21,1,1
BRDA:176,22,0,1
BRDA:176,22,1,0
BRDA:176,22,2,0
BRDA:202,23,0,0
BRDA:202,23,1,1
BRDA:204,24,0,0
BRDA:204,24,1,0
BRDA:125,25,0,0
BRDA:125,25,1,0
BRDA:218,26,0,0
BRDA:218,26,1,0
BRDA:219,27,0,0
BRDA:219,27,1,0
BRDA:219,28,0,0
BRDA:219,28,1,0
BRDA:219,28,2,0
BRDA:230,29,0,1
BRDA:230,29,1,1
BRDA:230,29,2,0
BRDA:231,30,0,1
BRDA:231,30,1,0
BRDA:238,31,0,1
BRDA:238,31,1,0
BRDA:243,32,0,0
BRDA:243,32,1,0
BRDA:241,33,0,0
BRDA:241,33,1,0
BRDA:260,34,0,0
BRDA:260,34,1,0
BRF:75
BRH:23
end_of_record
TN:
SF:dist/webpack:/src/index.js
FN:18,E
FN:77,(anonymous_137)
FN:92,(anonymous_138)
FN:94,(anonymous_139)
FN:115,(anonymous_140)
FN:298,(anonymous_141)
FN:135,(anonymous_142)
FN:148,(anonymous_143)
FN:156,(anonymous_144)
FN:157,(anonymous_145)
FN:210,(anonymous_146)
FN:226,(anonymous_147)
FN:227,(anonymous_148)
FN:238,(anonymous_149)
FN:239,(anonymous_150)
FN:273,(anonymous_151)
FN:274,(anonymous_152)
FN:284,(anonymous_153)
FN:285,(anonymous_154)
FN:300,(anonymous_155)
FN:326,(anonymous_156)
FN:342,(anonymous_157)
FN:343,(anonymous_158)
FN:387,(anonymous_159)
FN:403,(anonymous_160)
FN:404,(anonymous_161)
FN:463,(anonymous_162)
FN:464,(anonymous_163)
FN:498,(anonymous_164)
FN:499,(anonymous_165)
FN:509,(anonymous_166)
FN:510,(anonymous_167)
FNF:32
FNH:2
FNDA:0,E
FNDA:0,(anonymous_137)
FNDA:0,(anonymous_138)
FNDA:0,(anonymous_139)
FNDA:0,(anonymous_140)
FNDA:0,(anonymous_141)
FNDA:1,(anonymous_142)
FNDA:1,(anonymous_143)
FNDA:0,(anonymous_144)
FNDA:0,(anonymous_145)
FNDA:0,(anonymous_146)
FNDA:0,(anonymous_147)
FNDA:0,(anonymous_148)
FNDA:0,(anonymous_149)
FNDA:0,(anonymous_150)
FNDA:0,(anonymous_151)
FNDA:0,(anonymous_152)
FNDA:0,(anonymous_153)
FNDA:0,(anonymous_154)
FNDA:0,(anonymous_155)
FNDA:0,(anonymous_156)
FNDA:0,(anonymous_157)
FNDA:0,(anonymous_158)
FNDA:0,(anonymous_159)
FNDA:0,(anonymous_160)
FNDA:0,(anonymous_161)
FNDA:0,(anonymous_162)
FNDA:0,(anonymous_163)
FNDA:0,(anonymous_164)
FNDA:0,(anonymous_165)
FNDA:0,(anonymous_166)
FNDA:0,(anonymous_167)
DA:11,1
DA:12,1
DA:13,1
DA:14,1
DA:15,1
DA:19,0
DA:32,0
DA:33,0
DA:36,1
DA:38,1
DA:77,1
DA:84,0
DA:85,0
DA:92,1
DA:93,0
DA:95,0
DA:96,0
DA:97,0
DA:98,0
DA:99,0
DA:100,0
DA:105,0
DA:109,0
DA:112,0
DA:115,1
DA:116,0
DA:117,0
DA:118,0
DA:119,0
DA:120,0
DA:121,0
DA:127,0
DA:131,0
DA:146,1
DA:147,1
DA:149,1
DA:150,0
DA:153,1
DA:155,1
DA:157,0
DA:158,0
DA:159,0
DA:160,0
DA:161,0
DA:162,0
DA:163,0
DA:169,0
DA:170,0
DA:171,0
DA:172,0
DA:174,0
DA:182,0
DA:211,0
DA:227,0
DA:228,0
DA:229,0
DA:231,0
DA:233,0
DA:239,0
DA:240,0
DA:241,0
DA:243,0
DA:244,0
DA:245,0
DA:246,0
DA:255,0
DA:265,0
DA:274,0
DA:275,0
DA:276,0
DA:278,0
DA:279,0
DA:285,0
DA:286,0
DA:287,0
DA:289,0
DA:290,0
DA:298,1
DA:311,0
DA:312,0
DA:313,0
DA:314,0
DA:315,0
DA:316,0
DA:317,0
DA:318,0
DA:319,0
DA:320,0
DA:321,0
DA:322,0
DA:323,0
DA:324,0
DA:325,0
DA:335,0
DA:336,0
DA:339,0
DA:341,0
DA:343,0
DA:344,0
DA:345,0
DA:346,0
DA:347,0
DA:348,0
DA:349,0
DA:355,0
DA:356,0
DA:357,0
DA:359,0
DA:365,0
DA:388,0
DA:404,0
DA:405,0
DA:406,0
DA:408,0
DA:410,0
DA:412,0
DA:414,0
DA:416,0
DA:418,0
DA:421,0
DA:423,0
DA:427,0
DA:429,0
DA:433,0
DA:435,0
DA:439,0
DA:441,0
DA:445,0
DA:454,0
DA:455,0
DA:464,0
DA:465,0
DA:466,0
DA:468,0
DA:469,0
DA:470,0
DA:471,0
DA:480,0
DA:490,0
DA:499,0
DA:500,0
DA:501,0
DA:503,0
DA:504,0
DA:510,0
DA:511,0
DA:512,0
DA:514,0
DA:516,0
DA:518,0
DA:520,0
DA:522,0
DA:524,0
DA:527,0
DA:529,0
DA:533,0
DA:535,0
DA:539,0
DA:541,0
DA:545,0
DA:547,0
DA:551,0
DA:561,0
DA:562,0
DA:574,1
DA:579,1
LF:166
LH:18
BRDA:18,0,0,0
BRDA:18,1,0,0
BRDA:82,2,0,0
BRDA:95,3,0,0
BRDA:95,3,1,0
BRDA:97,4,0,0
BRDA:97,4,1,0
BRDA:99,5,0,0
BRDA:99,5,1,0
BRDA:116,6,0,0
BRDA:116,6,1,0
BRDA:118,7,0,0
BRDA:118,7,1,0
BRDA:120,8,0,0
BRDA:120,8,1,0
BRDA:298,9,0,0
BRDA:298,9,1,0
BRDA:139,10,0,1
BRDA:144,11,0,1
BRDA:148,12,0,1
BRDA:149,13,0,0
BRDA:149,13,1,1
BRDA:158,14,0,0
BRDA:158,14,1,0
BRDA:163,15,0,0
BRDA:163,15,1,0
BRDA:169,16,0,0
BRDA:169,16,1,0
BRDA:175,17,0,0
BRDA:175,17,1,0
BRDA:177,18,0,0
BRDA:177,18,1,0
BRDA:177,19,0,0
BRDA:177,19,1,0
BRDA:183,20,0,0
BRDA:183,20,1,0
BRDA:189,21,0,0
BRDA:189,21,1,0
BRDA:183,22,0,0
BRDA:183,22,1,0
BRDA:183,22,2,0
BRDA:193,23,0,0
BRDA:193,23,1,0
BRDA:210,24,0,0
BRDA:211,25,0,0
BRDA:211,25,1,0
BRDA:215,26,0,0
BRDA:215,26,1,0
BRDA:228,27,0,0
BRDA:228,27,1,0
BRDA:231,28,0,0
BRDA:231,28,1,0
BRDA:233,29,0,0
BRDA:233,29,1,0
BRDA:240,30,0,0
BRDA:240,30,1,0
BRDA:243,31,0,0
BRDA:243,31,1,0
BRDA:244,32,0,0
BRDA:244,32,1,0
BRDA:275,33,0,0
BRDA:275,33,1,0
BRDA:278,34,0,0
BRDA:278,34,1,0
BRDA:279,35,0,0
BRDA:279,35,1,0
BRDA:286,36,0,0
BRDA:286,36,1,0
BRDA:289,37,0,0
BRDA:289,37,1,0
BRDA:290,38,0,0
BRDA:290,38,1,0
BRDA:304,39,0,0
BRDA:309,40,0,0
BRDA:327,41,0,0
BRDA:335,42,0,0
BRDA:335,42,1,0
BRDA:344,43,0,0
BRDA:344,43,1,0
BRDA:349,44,0,0
BRDA:349,44,1,0
BRDA:355,45,0,0
BRDA:355,45,1,0
BRDA:360,46,0,0
BRDA:360,46,1,0
BRDA:360,47,0,0
BRDA:360,47,1,0
BRDA:366,48,0,0
BRDA:366,48,1,0
BRDA:370,49,0,0
BRDA:370,49,1,0
BRDA:366,50,0,0
BRDA:366,50,1,0
BRDA:374,51,0,0
BRDA:374,51,1,0
BRDA:387,52,0,0
BRDA:388,53,0,0
BRDA:388,53,1,0
BRDA:392,54,0,0
BRDA:392,54,1,0
BRDA:405,55,0,0
BRDA:405,55,1,0
BRDA:408,56,0,0
BRDA:408,56,1,0
BRDA:412,57,0,0
BRDA:412,57,1,0
BRDA:416,58,0,0
BRDA:416,58,1,0
BRDA:419,59,0,0
BRDA:419,59,1,0
BRDA:419,59,2,0
BRDA:419,59,3,0
BRDA:419,59,4,0
BRDA:454,60,0,0
BRDA:454,60,1,0
BRDA:454,60,2,0
BRDA:454,60,3,0
BRDA:454,60,4,0
BRDA:455,61,0,0
BRDA:455,61,1,0
BRDA:457,62,0,0
BRDA:457,62,1,0
BRDA:465,63,0,0
BRDA:465,63,1,0
BRDA:468,64,0,0
BRDA:468,64,1,0
BRDA:469,65,0,0
BRDA:469,65,1,0
BRDA:500,66,0,0
BRDA:500,66,1,0
BRDA:503,67,0,0
BRDA:503,67,1,0
BRDA:504,68,0,0
BRDA:504,68,1,0
BRDA:511,69,0,0
BRDA:511,69,1,0
BRDA:514,70,0,0
BRDA:514,70,1,0
BRDA:516,71,0,0
BRDA:516,71,1,0
BRDA:520,72,0,0
BRDA:520,72,1,0
BRDA:525,73,0,0
BRDA:525,73,1,0
BRDA:525,73,2,0
BRDA:525,73,3,0
BRDA:525,73,4,0
BRDA:561,74,0,0
BRDA:561,74,1,0
BRDA:561,74,2,0
BRDA:561,74,3,0
BRDA:561,74,4,0
BRDA:562,75,0,0
BRDA:562,75,1,0
BRDA:564,76,0,0
BRDA:564,76,1,0
BRF:156
BRH:4
end_of_record
TN:
SF:dist/webpack:/src/style.css
FNF:0
FNH:0
DA:3,1
LF:1
LH:1
BRF:0
BRH:0
end_of_record
TN:
SF:dist/webpack:/src/style.css?7163
FNF:0
FNH:0
DA:1,1
DA:2,1
DA:6,1
DA:10,1
DA:15,1
DA:19,1
LF:6
LH:6
BRDA:6,0,0,1
BRDA:6,0,1,0
BRDA:4,1,0,0
BRDA:4,1,1,1
BRDA:19,2,0,1
BRDA:19,2,1,1
BRF:6
BRH:4
end_of_record
TN:
SF:dist/webpack:/src/components/credit-card/index.js
FN:13,(anonymous_111)
FN:19,(anonymous_112)
FN:21,(anonymous_113)
FN:28,(anonymous_114)
FN:97,(anonymous_115)
FN:101,(anonymous_116)
FN:105,(anonymous_117)
FN:109,(anonymous_118)
FN:113,(anonymous_119)
FN:117,(anonymous_120)
FN:121,(anonymous_121)
FN:125,(anonymous_122)
FN:129,(anonymous_123)
FN:133,(anonymous_124)
FN:137,(anonymous_125)
FN:141,(anonymous_126)
FN:144,(anonymous_127)
FNF:17
FNH:0
FNDA:0,(anonymous_111)
FNDA:0,(anonymous_112)
FNDA:0,(anonymous_113)
FNDA:0,(anonymous_114)
FNDA:0,(anonymous_115)
FNDA:0,(anonymous_116)
FNDA:0,(anonymous_117)
FNDA:0,(anonymous_118)
FNDA:0,(anonymous_119)
FNDA:0,(anonymous_120)
FNDA:0,(anonymous_121)
FNDA:0,(anonymous_122)
FNDA:0,(anonymous_123)
FNDA:0,(anonymous_124)
FNDA:0,(anonymous_125)
FNDA:0,(anonymous_126)
FNDA:0,(anonymous_127)
DA:3,1
DA:14,0
DA:19,0
DA:22,0
DA:29,0
DA:33,0
DA:34,0
DA:35,0
DA:39,0
DA:40,0
DA:45,0
DA:46,0
DA:47,0
DA:48,0
DA:50,0
DA:58,0
DA:98,0
DA:102,0
DA:106,0
DA:110,0
DA:114,0
DA:118,0
DA:122,0
DA:126,0
DA:130,0
DA:134,0
DA:138,0
DA:142,0
DA:145,0
DA:146,0
DA:149,0
DA:150,0
DA:163,1
LF:33
LH:2
BRDA:19,0,0,0
BRDA:19,0,1,0
BRDA:25,1,0,0
BRDA:25,1,1,0
BRDA:29,2,0,0
BRDA:29,2,1,0
BRDA:29,3,0,0
BRDA:29,3,1,0
BRDA:45,4,0,0
BRDA:45,4,1,0
BRDA:51,5,0,0
BRDA:51,5,1,0
BRDA:53,6,0,0
BRDA:53,6,1,0
BRDA:53,7,0,0
BRDA:53,7,1,0
BRDA:59,8,0,0
BRDA:59,8,1,0
BRDA:65,9,0,0
BRDA:65,9,1,0
BRDA:59,10,0,0
BRDA:59,10,1,0
BRDA:59,10,2,0
BRDA:69,11,0,0
BRDA:69,11,1,0
BRDA:142,12,0,0
BRDA:142,12,1,0
BRDA:145,13,0,0
BRDA:145,13,1,0
BRDA:163,14,0,1
BRDA:163,14,1,1
BRF:31
BRH:2
end_of_record
TN:
SF:dist/webpack:/src/components/credit-card-account-name/index.js
FN:8,(anonymous_128)
FNF:1
FNH:0
FNDA:0,(anonymous_128)
DA:3,1
DA:9,0
DA:16,1
LF:3
LH:2
BRDA:16,0,0,1
BRDA:16,0,1,1
BRF:2
BRH:2
end_of_record
TN:
SF:dist/webpack:/src/components/credit-card-cvv/index.js
FN:8,(anonymous_129)
FNF:1
FNH:0
FNDA:0,(anonymous_129)
DA:3,1
DA:9,0
DA:16,1
LF:3
LH:2
BRDA:16,0,0,1
BRDA:16,0,1,1
BRF:2
BRH:2
end_of_record
TN:
SF:dist/webpack:/src/components/credit-card-expiration/index.js
FN:8,(anonymous_130)
FNF:1
FNH:0
FNDA:0,(anonymous_130)
DA:3,1
DA:9,0
DA:16,1
LF:3
LH:2
BRDA:16,0,0,1
BRDA:16,0,1,1
BRF:2
BRH:2
end_of_record
TN:
SF:dist/webpack:/src/components/credit-card-number/index.js
FN:8,(anonymous_131)
FN:14,(anonymous_132)
FN:18,(anonymous_133)
FN:21,(anonymous_134)
FNF:4
FNH:0
FNDA:0,(anonymous_131)
FNDA:0,(anonymous_132)
FNDA:0,(anonymous_133)
FNDA:0,(anonymous_134)
DA:3,1
DA:9,0
DA:15,0
DA:19,0
DA:22,0
DA:23,0
DA:26,0
DA:27,0
DA:39,1
LF:9
LH:2
BRDA:19,0,0,0
BRDA:19,0,1,0
BRDA:22,1,0,0
BRDA:22,1,1,0
BRDA:39,2,0,1
BRDA:39,2,1,1
BRF:6
BRH:2
end_of_record
TN:
SF:dist/webpack:/src/components/credit-card-zip/index.js
FN:8,(anonymous_135)
FNF:1
FNH:0
FNDA:0,(anonymous_135)
DA:3,1
DA:9,0
DA:16,1
LF:3
LH:2
BRDA:16,0,0,1
BRDA:16,0,1,1
BRF:2
BRH:2
end_of_record
TN:
SF:dist/webpack:/src/components/pay-theory-finix/index.js
FN:4,(anonymous_87)
FN:14,(anonymous_88)
FN:18,(anonymous_89)
FN:19,(anonymous_90)
FN:42,(anonymous_91)
FN:58,(anonymous_92)
FN:81,(anonymous_93)
FN:85,(anonymous_94)
FN:91,(anonymous_95)
FN:95,(anonymous_96)
FN:99,(anonymous_97)
FN:103,(anonymous_98)
FN:107,(anonymous_99)
FN:111,(anonymous_100)
FN:115,(anonymous_101)
FN:119,(anonymous_102)
FN:123,(anonymous_103)
FN:127,(anonymous_104)
FN:140,(anonymous_105)
FN:144,(anonymous_106)
FN:153,(anonymous_107)
FN:157,(anonymous_108)
FN:169,(anonymous_109)
FN:173,(anonymous_110)
FNF:24
FNH:0
FNDA:0,(anonymous_87)
FNDA:0,(anonymous_88)
FNDA:0,(anonymous_89)
FNDA:0,(anonymous_90)
FNDA:0,(anonymous_91)
FNDA:0,(anonymous_92)
FNDA:0,(anonymous_93)
FNDA:0,(anonymous_94)
FNDA:0,(anonymous_95)
FNDA:0,(anonymous_96)
FNDA:0,(anonymous_97)
FNDA:0,(anonymous_98)
FNDA:0,(anonymous_99)
FNDA:0,(anonymous_100)
FNDA:0,(anonymous_101)
FNDA:0,(anonymous_102)
FNDA:0,(anonymous_103)
FNDA:0,(anonymous_104)
FNDA:0,(anonymous_105)
FNDA:0,(anonymous_106)
FNDA:0,(anonymous_107)
FNDA:0,(anonymous_108)
FNDA:0,(anonymous_109)
FNDA:0,(anonymous_110)
DA:2,1
DA:5,0
DA:15,0
DA:19,0
DA:20,0
DA:21,0
DA:22,0
DA:25,0
DA:34,0
DA:36,0
DA:43,0
DA:44,0
DA:46,0
DA:47,0
DA:59,0
DA:82,0
DA:86,0
DA:92,0
DA:96,0
DA:100,0
DA:104,0
DA:108,0
DA:112,0
DA:116,0
DA:120,0
DA:124,0
DA:128,0
DA:141,0
DA:146,0
DA:154,0
DA:158,0
DA:170,0
DA:174,0
DA:186,1
LF:34
LH:2
BRDA:29,0,0,0
BRDA:29,0,1,0
BRDA:30,1,0,0
BRDA:30,1,1,0
BRDA:43,2,0,0
BRDA:43,2,1,0
BRDA:46,3,0,0
BRDA:46,3,1,0
BRDA:48,4,0,0
BRDA:48,4,1,0
BRDA:47,5,0,0
BRDA:47,5,1,0
BRDA:51,6,0,0
BRDA:51,6,1,0
BRDA:50,7,0,0
BRDA:50,7,1,0
BRDA:59,8,0,0
BRDA:59,8,1,0
BRDA:86,9,0,0
BRDA:86,9,1,0
BRDA:129,10,0,0
BRDA:129,10,1,0
BRDA:145,11,0,0
BRDA:145,11,1,0
BRDA:158,12,0,0
BRDA:158,12,1,0
BRDA:174,13,0,0
BRDA:174,13,1,0
BRF:28
BRH:0
end_of_record
TN:
SF:dist/webpack:/webpack/bootstrap
FN:2,(anonymous_0)
FN:5,r
FN:36,(anonymous_2)
FN:43,(anonymous_3)
FN:55,(anonymous_4)
FN:62,(anonymous_5)
FN:67,(anonymous_6)
FN:69,(anonymous_7)
FN:70,(anonymous_8)
FN:76,(anonymous_9)
FNF:10
FNH:3
FNDA:1,(anonymous_0)
FNDA:6,r
FNDA:0,(anonymous_2)
FNDA:1,(anonymous_3)
FNDA:0,(anonymous_4)
FNDA:0,(anonymous_5)
FNDA:0,(anonymous_6)
FNDA:0,(anonymous_7)
FNDA:0,(anonymous_8)
FNDA:0,(anonymous_9)
DA:2,1
DA:8,6
DA:9,0
DA:12,6
DA:25,6
DA:30,1
DA:37,0
DA:44,1
DA:57,0
DA:58,0
DA:59,0
DA:62,0
DA:63,0
DA:68,0
DA:69,0
DA:70,0
DA:72,0
DA:76,0
LF:18
LH:6
BRDA:8,0,0,0
BRDA:8,0,1,6
BRDA:37,1,0,0
BRDA:37,1,1,0
BRDA:44,2,0,1
BRDA:44,2,1,1
BRDA:44,2,2,1
BRDA:57,3,0,0
BRDA:57,3,1,0
BRDA:56,4,0,0
BRDA:56,4,1,0
BRDA:58,5,0,0
BRDA:58,5,1,0
BRDA:58,6,0,0
BRDA:58,6,1,0
BRDA:58,6,2,0
BRDA:58,6,3,0
BRDA:62,7,0,0
BRDA:62,7,1,0
BRDA:62,8,0,0
BRDA:62,8,1,0
BRDA:69,9,0,0
BRDA:69,9,1,0
BRDA:68,10,0,0
BRDA:68,10,1,0
BRF:25
BRH:4
end_of_record
