TN:
SF:src/components/ach-account/index.js
FN:4,(anonymous_0)
FN:5,(anonymous_1)
FN:26,(anonymous_2)
FN:34,(anonymous_3)
FN:38,(anonymous_4)
FN:42,(anonymous_5)
FN:46,(anonymous_6)
FN:50,(anonymous_7)
FN:54,(anonymous_8)
FN:65,(anonymous_9)
FN:69,(anonymous_10)
FN:72,(anonymous_11)
FN:89,(anonymous_12)
FN:93,(anonymous_13)
FN:105,(anonymous_14)
FN:109,(anonymous_15)
FN:121,(anonymous_16)
FN:143,(anonymous_17)
FN:147,(anonymous_18)
FNF:19
FNH:0
FNDA:0,(anonymous_0)
FNDA:0,(anonymous_1)
FNDA:0,(anonymous_2)
FNDA:0,(anonymous_3)
FNDA:0,(anonymous_4)
FNDA:0,(anonymous_5)
FNDA:0,(anonymous_6)
FNDA:0,(anonymous_7)
FNDA:0,(anonymous_8)
FNDA:0,(anonymous_9)
FNDA:0,(anonymous_10)
FNDA:0,(anonymous_11)
FNDA:0,(anonymous_12)
FNDA:0,(anonymous_13)
FNDA:0,(anonymous_14)
FNDA:0,(anonymous_15)
FNDA:0,(anonymous_16)
FNDA:0,(anonymous_17)
FNDA:0,(anonymous_18)
DA:2,1
DA:4,1
DA:5,0
DA:6,0
DA:14,0
DA:16,0
DA:17,0
DA:22,1
DA:27,0
DA:28,0
DA:30,0
DA:31,0
DA:35,0
DA:39,0
DA:43,0
DA:47,0
DA:51,0
DA:55,0
DA:56,0
DA:57,0
DA:59,0
DA:60,0
DA:61,0
DA:66,0
DA:70,0
DA:71,0
DA:72,0
DA:73,0
DA:74,0
DA:77,0
DA:78,0
DA:90,0
DA:94,0
DA:95,0
DA:96,0
DA:106,0
DA:110,0
DA:111,0
DA:112,0
DA:122,0
DA:123,0
DA:124,0
DA:126,0
DA:132,0
DA:135,0
DA:136,0
DA:144,0
DA:148,0
DA:149,0
DA:154,1
DA:155,0
LF:51
LH:4
BRDA:10,0,0,0
BRDA:10,0,1,0
BRDA:11,1,0,0
BRDA:11,1,1,0
BRDA:16,2,0,0
BRDA:16,2,1,0
BRDA:27,3,0,0
BRDA:27,3,1,0
BRDA:30,4,0,0
BRDA:30,4,1,0
BRDA:55,5,0,0
BRDA:55,5,1,0
BRDA:55,6,0,0
BRDA:55,6,1,0
BRDA:59,7,0,0
BRDA:59,7,1,0
BRDA:70,8,0,0
BRDA:70,8,1,0
BRDA:73,9,0,0
BRDA:73,9,1,0
BRDA:94,10,0,0
BRDA:94,10,1,0
BRDA:110,11,0,0
BRDA:110,11,1,0
BRDA:123,12,0,0
BRDA:123,12,1,0
BRDA:148,13,0,0
BRDA:148,13,1,0
BRDA:154,14,0,0
BRDA:154,14,1,1
BRF:30
BRH:1
end_of_record
TN:
SF:src/components/ach-account-name/index.js
FN:4,(anonymous_0)
FN:5,(anonymous_1)
FN:26,(anonymous_2)
FN:34,(anonymous_3)
FN:38,(anonymous_4)
FN:42,(anonymous_5)
FN:46,(anonymous_6)
FN:50,(anonymous_7)
FN:54,(anonymous_8)
FN:65,(anonymous_9)
FN:69,(anonymous_10)
FN:72,(anonymous_11)
FN:89,(anonymous_12)
FN:93,(anonymous_13)
FN:105,(anonymous_14)
FN:109,(anonymous_15)
FN:121,(anonymous_16)
FN:144,(anonymous_17)
FN:148,(anonymous_18)
FNF:19
FNH:0
FNDA:0,(anonymous_0)
FNDA:0,(anonymous_1)
FNDA:0,(anonymous_2)
FNDA:0,(anonymous_3)
FNDA:0,(anonymous_4)
FNDA:0,(anonymous_5)
FNDA:0,(anonymous_6)
FNDA:0,(anonymous_7)
FNDA:0,(anonymous_8)
FNDA:0,(anonymous_9)
FNDA:0,(anonymous_10)
FNDA:0,(anonymous_11)
FNDA:0,(anonymous_12)
FNDA:0,(anonymous_13)
FNDA:0,(anonymous_14)
FNDA:0,(anonymous_15)
FNDA:0,(anonymous_16)
FNDA:0,(anonymous_17)
FNDA:0,(anonymous_18)
DA:2,1
DA:4,1
DA:5,0
DA:6,0
DA:14,0
DA:16,0
DA:17,0
DA:22,1
DA:27,0
DA:28,0
DA:30,0
DA:31,0
DA:35,0
DA:39,0
DA:43,0
DA:47,0
DA:51,0
DA:55,0
DA:56,0
DA:57,0
DA:59,0
DA:60,0
DA:61,0
DA:66,0
DA:70,0
DA:71,0
DA:72,0
DA:73,0
DA:74,0
DA:77,0
DA:78,0
DA:90,0
DA:94,0
DA:95,0
DA:96,0
DA:106,0
DA:110,0
DA:111,0
DA:112,0
DA:122,0
DA:123,0
DA:124,0
DA:126,0
DA:132,0
DA:135,0
DA:137,0
DA:145,0
DA:149,0
DA:150,0
DA:155,1
DA:156,1
LF:51
LH:5
BRDA:10,0,0,0
BRDA:10,0,1,0
BRDA:11,1,0,0
BRDA:11,1,1,0
BRDA:16,2,0,0
BRDA:16,2,1,0
BRDA:27,3,0,0
BRDA:27,3,1,0
BRDA:30,4,0,0
BRDA:30,4,1,0
BRDA:55,5,0,0
BRDA:55,5,1,0
BRDA:55,6,0,0
BRDA:55,6,1,0
BRDA:59,7,0,0
BRDA:59,7,1,0
BRDA:70,8,0,0
BRDA:70,8,1,0
BRDA:73,9,0,0
BRDA:73,9,1,0
BRDA:94,10,0,0
BRDA:94,10,1,0
BRDA:110,11,0,0
BRDA:110,11,1,0
BRDA:123,12,0,0
BRDA:123,12,1,0
BRDA:149,13,0,0
BRDA:149,13,1,0
BRDA:155,14,0,1
BRDA:155,14,1,0
BRF:30
BRH:1
end_of_record
TN:
SF:src/components/credit-card/index.js
FN:15,(anonymous_0)
FN:21,(anonymous_1)
FN:28,(anonymous_2)
FN:32,(anonymous_3)
FN:35,(anonymous_4)
FNF:5
FNH:4
FNDA:4,(anonymous_0)
FNDA:4,(anonymous_1)
FNDA:2,(anonymous_2)
FNDA:1,(anonymous_3)
FNDA:0,(anonymous_4)
DA:2,1
DA:3,1
DA:10,1
DA:16,4
DA:17,4
DA:18,4
DA:22,4
DA:23,4
DA:24,4
DA:25,4
DA:29,2
DA:33,1
DA:34,1
DA:35,1
DA:36,0
DA:37,0
DA:40,0
DA:41,0
DA:54,1
DA:55,1
LF:20
LH:16
BRDA:10,0,0,0
BRDA:10,0,1,1
BRDA:33,1,0,1
BRDA:33,1,1,0
BRDA:36,2,0,0
BRDA:36,2,1,0
BRDA:54,3,0,1
BRDA:54,3,1,0
BRF:8
BRH:3
end_of_record
TN:
SF:src/components/credit-card-account-name/index.js
FN:7,(anonymous_0)
FNF:1
FNH:1
FNDA:5,(anonymous_0)
DA:2,1
DA:3,1
DA:8,5
DA:9,5
DA:10,5
DA:15,1
LF:6
LH:6
BRF:0
BRH:0
end_of_record
TN:
SF:src/components/credit-card-cvv/index.js
FN:7,(anonymous_0)
FNF:1
FNH:1
FNDA:7,(anonymous_0)
DA:2,1
DA:3,1
DA:8,7
DA:9,7
DA:10,7
DA:15,1
LF:6
LH:6
BRF:0
BRH:0
end_of_record
TN:
SF:src/components/credit-card-expiration/index.js
FN:7,(anonymous_0)
FNF:1
FNH:1
FNDA:7,(anonymous_0)
DA:2,1
DA:3,1
DA:8,7
DA:9,7
DA:10,7
DA:15,1
LF:6
LH:6
BRF:0
BRH:0
end_of_record
TN:
SF:src/components/credit-card-number/index.js
FN:8,(anonymous_0)
FN:14,(anonymous_1)
FN:21,(anonymous_2)
FN:25,(anonymous_3)
FN:29,(anonymous_4)
FNF:5
FNH:4
FNDA:7,(anonymous_0)
FNDA:7,(anonymous_1)
FNDA:2,(anonymous_2)
FNDA:1,(anonymous_3)
FNDA:0,(anonymous_4)
DA:2,1
DA:3,1
DA:4,1
DA:9,7
DA:10,7
DA:11,7
DA:15,7
DA:16,7
DA:17,7
DA:18,7
DA:22,2
DA:26,1
DA:27,1
DA:29,1
DA:30,0
DA:31,0
DA:34,0
DA:35,0
DA:47,1
LF:19
LH:15
BRDA:4,0,0,0
BRDA:4,0,1,1
BRDA:26,1,0,1
BRDA:26,1,1,0
BRDA:30,2,0,0
BRDA:30,2,1,0
BRF:6
BRH:2
end_of_record
TN:
SF:src/components/credit-card-zip/index.js
FN:7,(anonymous_0)
FNF:1
FNH:1
FNDA:7,(anonymous_0)
DA:2,1
DA:3,1
DA:8,7
DA:9,7
DA:10,7
DA:15,1
LF:6
LH:6
BRF:0
BRH:0
end_of_record
TN:
SF:src/components/pay-theory-finix/index.js
FN:4,(anonymous_0)
FN:16,(anonymous_1)
FN:20,(anonymous_2)
FN:21,(anonymous_3)
FN:42,(anonymous_4)
FN:47,(anonymous_5)
FN:60,(anonymous_6)
FN:83,(anonymous_7)
FN:87,(anonymous_8)
FN:93,(anonymous_9)
FN:97,(anonymous_10)
FN:101,(anonymous_11)
FN:105,(anonymous_12)
FN:109,(anonymous_13)
FN:113,(anonymous_14)
FN:117,(anonymous_15)
FN:121,(anonymous_16)
FN:125,(anonymous_17)
FN:129,(anonymous_18)
FN:141,(anonymous_19)
FN:145,(anonymous_20)
FN:154,(anonymous_21)
FN:158,(anonymous_22)
FN:170,(anonymous_23)
FN:174,(anonymous_24)
FNF:25
FNH:20
FNDA:37,(anonymous_0)
FNDA:37,(anonymous_1)
FNDA:37,(anonymous_2)
FNDA:49,(anonymous_3)
FNDA:60,(anonymous_4)
FNDA:3795,(anonymous_5)
FNDA:37,(anonymous_6)
FNDA:37,(anonymous_7)
FNDA:0,(anonymous_8)
FNDA:2,(anonymous_9)
FNDA:37,(anonymous_10)
FNDA:2,(anonymous_11)
FNDA:37,(anonymous_12)
FNDA:5934,(anonymous_13)
FNDA:37,(anonymous_14)
FNDA:37,(anonymous_15)
FNDA:37,(anonymous_16)
FNDA:0,(anonymous_17)
FNDA:311,(anonymous_18)
FNDA:0,(anonymous_19)
FNDA:37,(anonymous_20)
FNDA:0,(anonymous_21)
FNDA:16,(anonymous_22)
FNDA:0,(anonymous_23)
FNDA:284,(anonymous_24)
DA:5,37
DA:6,37
DA:7,37
DA:8,37
DA:9,37
DA:10,37
DA:11,37
DA:12,37
DA:13,37
DA:17,37
DA:21,37
DA:22,49
DA:23,49
DA:24,49
DA:25,49
DA:27,49
DA:36,49
DA:38,49
DA:43,60
DA:44,60
DA:48,3795
DA:49,795
DA:51,3000
DA:52,3000
DA:53,274
DA:55,2726
DA:56,268
DA:61,37
DA:62,37
DA:64,37
DA:70,37
DA:73,37
DA:75,37
DA:80,37
DA:84,37
DA:88,0
DA:89,0
DA:94,2
DA:98,37
DA:102,2
DA:106,37
DA:110,5934
DA:114,37
DA:118,37
DA:122,37
DA:126,0
DA:130,311
DA:131,37
DA:132,37
DA:142,0
DA:146,37
DA:147,37
DA:150,0
DA:155,0
DA:159,16
DA:160,4
DA:161,4
DA:171,0
DA:175,284
DA:176,37
DA:177,37
LF:61
LH:54
BRDA:31,0,0,49
BRDA:31,0,1,0
BRDA:32,1,0,49
BRDA:32,1,1,0
BRDA:48,2,0,795
BRDA:48,2,1,3000
BRDA:51,3,0,3000
BRDA:51,3,1,0
BRDA:52,4,0,274
BRDA:52,4,1,2726
BRDA:52,5,0,3000
BRDA:52,5,1,542
BRDA:55,6,0,268
BRDA:55,6,1,2458
BRDA:55,7,0,2726
BRDA:55,7,1,268
BRDA:61,8,0,37
BRDA:61,8,1,0
BRDA:88,9,0,0
BRDA:88,9,1,0
BRDA:130,10,0,37
BRDA:130,10,1,274
BRDA:146,11,0,37
BRDA:146,11,1,0
BRDA:159,12,0,4
BRDA:159,12,1,12
BRDA:175,13,0,37
BRDA:175,13,1,247
BRF:28
BRH:21
end_of_record
TN:
SF:src/field-set/combined.js
FN:3,(anonymous_0)
FN:14,(anonymous_1)
FN:17,(anonymous_2)
FN:21,(anonymous_3)
FN:21,(anonymous_4)
FN:36,(anonymous_5)
FN:76,(anonymous_6)
FN:79,(anonymous_7)
FN:92,(anonymous_8)
FN:92,(anonymous_9)
FN:94,(anonymous_10)
FN:94,(anonymous_11)
FNF:12
FNH:12
FNDA:8,(anonymous_0)
FNDA:1,(anonymous_1)
FNDA:5,(anonymous_2)
FNDA:5,(anonymous_3)
FNDA:16,(anonymous_4)
FNDA:64,(anonymous_5)
FNDA:5,(anonymous_6)
FNDA:5,(anonymous_7)
FNDA:1,(anonymous_8)
FNDA:2,(anonymous_9)
FNDA:1,(anonymous_10)
FNDA:1,(anonymous_11)
DA:11,8
DA:12,8
DA:14,8
DA:15,1
DA:17,8
DA:18,5
DA:21,8
DA:22,16
DA:29,16
DA:31,16
DA:32,16
DA:33,16
DA:34,16
DA:36,16
DA:38,64
DA:40,64
DA:42,64
DA:43,0
DA:46,64
DA:49,64
DA:50,64
DA:54,0
DA:55,0
DA:56,0
DA:63,16
DA:64,16
DA:65,16
DA:67,0
DA:68,0
DA:69,0
DA:72,0
DA:76,8
DA:77,5
DA:79,5
DA:80,5
DA:82,5
DA:83,0
DA:86,5
DA:90,8
DA:92,8
DA:94,8
DA:96,8
LF:42
LH:33
BRDA:7,0,0,8
BRDA:8,1,0,8
BRDA:9,2,0,8
BRDA:40,3,0,0
BRDA:40,3,1,64
BRDA:42,4,0,0
BRDA:42,4,1,64
BRDA:46,5,0,64
BRDA:46,5,1,0
BRDA:63,6,0,16
BRDA:63,6,1,0
BRDA:67,7,0,0
BRDA:67,7,1,0
BRDA:76,8,0,4
BRDA:82,9,0,0
BRDA:82,9,1,5
BRF:16
BRH:9
end_of_record
TN:
SF:src/field-set/split.js
FN:3,(anonymous_0)
FN:35,(anonymous_1)
FN:44,(anonymous_2)
FN:49,(anonymous_3)
FN:49,(anonymous_4)
FN:51,(anonymous_5)
FN:69,(anonymous_6)
FN:80,(anonymous_7)
FN:93,(anonymous_8)
FN:95,(anonymous_9)
FN:103,(anonymous_10)
FN:145,(anonymous_11)
FN:192,(anonymous_12)
FN:193,(anonymous_13)
FN:195,(anonymous_14)
FN:197,(anonymous_15)
FNF:16
FNH:15
FNDA:8,(anonymous_0)
FNDA:1,(anonymous_1)
FNDA:7,(anonymous_2)
FNDA:7,(anonymous_3)
FNDA:33,(anonymous_4)
FNDA:0,(anonymous_5)
FNDA:7,(anonymous_6)
FNDA:7,(anonymous_7)
FNDA:2,(anonymous_8)
FNDA:46,(anonymous_9)
FNDA:9,(anonymous_10)
FNDA:212,(anonymous_11)
FNDA:1,(anonymous_12)
FNDA:38,(anonymous_13)
FNDA:190,(anonymous_14)
FNDA:32,(anonymous_15)
DA:11,8
DA:13,8
DA:15,8
DA:16,8
DA:17,8
DA:18,8
DA:19,8
DA:21,8
DA:22,8
DA:23,8
DA:24,8
DA:25,8
DA:27,8
DA:29,8
DA:30,8
DA:32,8
DA:35,8
DA:36,1
DA:37,0
DA:40,1
DA:44,8
DA:45,7
DA:46,7
DA:49,8
DA:50,33
DA:51,33
DA:53,0
DA:55,0
DA:56,0
DA:58,0
DA:59,0
DA:60,0
DA:63,0
DA:69,8
DA:78,7
DA:80,7
DA:81,7
DA:83,7
DA:84,0
DA:87,7
DA:91,8
DA:93,8
DA:96,46
DA:98,46
DA:100,46
DA:102,46
DA:103,2
DA:104,9
DA:107,0
DA:108,0
DA:109,0
DA:113,2
DA:114,2
DA:115,2
DA:119,2
DA:120,2
DA:121,2
DA:125,2
DA:126,2
DA:127,2
DA:131,2
DA:132,2
DA:133,2
DA:137,1
DA:143,46
DA:145,212
DA:147,40
DA:150,0
DA:151,0
DA:152,0
DA:156,10
DA:157,10
DA:158,10
DA:162,10
DA:163,10
DA:164,10
DA:168,10
DA:169,10
DA:170,10
DA:174,10
DA:175,10
DA:176,10
DA:180,0
DA:183,40
DA:184,40
DA:185,2
DA:186,2
DA:187,2
DA:192,8
DA:194,38
DA:195,190
DA:198,32
DA:199,32
DA:201,32
DA:204,0
DA:205,0
DA:206,0
DA:210,8
DA:211,8
DA:212,8
DA:216,8
DA:217,8
DA:218,8
DA:222,8
DA:223,8
DA:224,8
DA:228,8
DA:229,8
DA:230,8
DA:234,0
DA:238,32
DA:240,32
DA:241,1
DA:242,1
DA:243,1
DA:248,8
LF:116
LH:96
BRDA:7,0,0,8
BRDA:8,1,0,8
BRDA:9,2,0,8
BRDA:36,3,0,0
BRDA:36,3,1,1
BRDA:55,4,0,0
BRDA:55,4,1,0
BRDA:56,5,0,0
BRDA:56,5,1,0
BRDA:58,6,0,0
BRDA:58,6,1,0
BRDA:70,7,0,4
BRDA:83,8,0,0
BRDA:83,8,1,7
BRDA:100,9,0,0
BRDA:100,9,1,46
BRDA:102,10,0,2
BRDA:102,10,1,44
BRDA:104,11,0,0
BRDA:104,11,1,2
BRDA:104,11,2,2
BRDA:104,11,3,2
BRDA:104,11,4,2
BRDA:104,11,5,1
BRDA:145,12,0,6
BRDA:145,12,1,40
BRDA:147,13,0,0
BRDA:147,13,1,10
BRDA:147,13,2,10
BRDA:147,13,3,10
BRDA:147,13,4,10
BRDA:147,13,5,0
BRDA:183,14,0,40
BRDA:183,14,1,40
BRDA:183,14,2,32
BRDA:183,14,3,32
BRDA:183,14,4,32
BRDA:184,15,0,2
BRDA:184,15,1,38
BRDA:186,16,0,2
BRDA:186,16,1,0
BRDA:195,17,0,38
BRDA:195,17,1,38
BRDA:201,18,0,0
BRDA:201,18,1,8
BRDA:201,18,2,8
BRDA:201,18,3,8
BRDA:201,18,4,8
BRDA:201,18,5,0
BRDA:238,19,0,32
BRDA:238,19,1,32
BRDA:238,19,2,30
BRDA:238,19,3,30
BRDA:238,19,4,30
BRDA:240,20,0,1
BRDA:240,20,1,31
BRDA:242,21,0,1
BRDA:242,21,1,0
BRF:58
BRH:42
end_of_record
TN:
SF:src/field-set/common/data.js
FNF:0
FNH:0
DA:1,2
DA:3,2
DA:9,2
DA:11,2
DA:19,2
DA:21,2
LF:6
LH:6
BRF:0
BRH:0
end_of_record
TN:
SF:src/field-set/common/dom.js
FN:4,(anonymous_0)
FN:6,(anonymous_1)
FN:22,(anonymous_2)
FN:40,(anonymous_3)
FN:42,(anonymous_4)
FN:64,(anonymous_5)
FN:68,(anonymous_6)
FN:70,(anonymous_7)
FN:91,(anonymous_8)
FNF:9
FNH:9
FNDA:26,(anonymous_0)
FNDA:37,(anonymous_1)
FNDA:5,(anonymous_2)
FNDA:7,(anonymous_3)
FNDA:35,(anonymous_4)
FNDA:12,(anonymous_5)
FNDA:12,(anonymous_6)
FNDA:49,(anonymous_7)
FNDA:64,(anonymous_8)
DA:4,26
DA:6,2
DA:13,37
DA:14,37
DA:15,37
DA:16,37
DA:17,37
DA:18,37
DA:19,37
DA:22,2
DA:23,5
DA:24,5
DA:25,5
DA:26,4
DA:27,4
DA:28,4
DA:29,4
DA:32,0
DA:36,1
DA:40,2
DA:41,7
DA:42,7
DA:43,35
DA:44,35
DA:45,35
DA:46,33
DA:47,33
DA:48,33
DA:49,33
DA:52,0
DA:57,2
DA:61,7
DA:64,2
DA:65,12
DA:67,12
DA:68,12
DA:70,12
DA:71,49
DA:72,0
DA:73,0
DA:74,0
DA:75,0
DA:76,0
DA:77,0
DA:78,0
DA:82,49
DA:83,49
DA:86,12
DA:88,12
DA:91,2
DA:92,64
DA:96,64
DA:98,64
DA:100,64
LF:54
LH:45
BRDA:4,0,0,7
BRDA:4,0,1,19
BRDA:11,1,0,4
BRDA:23,2,0,0
BRDA:23,2,1,5
BRDA:25,3,0,4
BRDA:25,3,1,1
BRDA:27,4,0,4
BRDA:27,4,1,0
BRDA:43,5,0,0
BRDA:43,5,1,35
BRDA:43,6,0,35
BRDA:43,6,1,33
BRDA:45,7,0,33
BRDA:45,7,1,2
BRDA:47,8,0,33
BRDA:47,8,1,0
BRDA:71,9,0,0
BRDA:71,9,1,49
BRDA:76,10,0,0
BRDA:76,10,1,0
BRDA:82,11,0,49
BRDA:82,11,1,0
BRDA:92,12,0,48
BRDA:92,12,1,16
BRF:25
BRH:17
end_of_record
TN:
SF:src/field-set/common/index.js
FNF:0
FNH:0
DA:7,2
LF:1
LH:1
BRF:0
BRH:0
end_of_record
TN:
SF:src/field-set/common/message.js
FN:1,(anonymous_0)
FN:2,(anonymous_1)
FN:12,(anonymous_2)
FN:16,(anonymous_3)
FN:18,(anonymous_4)
FN:20,(anonymous_5)
FN:22,(anonymous_6)
FN:24,(anonymous_7)
FNF:8
FNH:8
FNDA:8,(anonymous_0)
FNDA:811,(anonymous_1)
FNDA:8,(anonymous_2)
FNDA:156,(anonymous_3)
FNDA:108,(anonymous_4)
FNDA:124,(anonymous_5)
FNDA:112,(anonymous_6)
FNDA:106,(anonymous_7)
DA:1,2
DA:2,8
DA:3,811
DA:4,644
DA:5,644
DA:6,85
DA:12,2
DA:13,8
DA:16,156
DA:18,108
DA:20,124
DA:22,112
DA:24,106
LF:13
LH:13
BRDA:3,0,0,644
BRDA:3,0,1,167
BRDA:4,1,0,0
BRDA:4,1,1,644
BRDA:5,2,0,85
BRDA:5,2,1,559
BRF:6
BRH:5
end_of_record
TN:
SF:src/field-set/common/network.js
FN:3,(anonymous_0)
FN:21,(anonymous_1)
FN:23,(anonymous_2)
FN:41,(anonymous_3)
FN:42,(anonymous_4)
FN:80,(anonymous_5)
FN:81,(anonymous_6)
FNF:7
FNH:7
FNDA:4,(anonymous_0)
FNDA:64,(anonymous_1)
FNDA:2,(anonymous_2)
FNDA:1,(anonymous_3)
FNDA:1,(anonymous_4)
FNDA:16,(anonymous_5)
FNDA:2,(anonymous_6)
DA:3,2
DA:4,4
DA:17,4
DA:18,4
DA:21,64
DA:23,2
DA:25,2
DA:28,0
DA:32,2
DA:36,0
DA:41,2
DA:42,1
DA:43,1
DA:45,1
DA:56,1
DA:68,1
DA:70,1
DA:80,2
DA:81,16
DA:82,2
DA:84,2
DA:88,2
DA:96,2
DA:98,2
LF:24
LH:22
BRDA:3,0,0,0
BRDA:21,1,0,0
BRDA:21,1,1,64
BRDA:25,2,0,0
BRDA:25,2,1,2
BRDA:25,2,2,0
BRDA:73,3,0,0
BRDA:73,3,1,1
BRDA:75,4,0,0
BRDA:75,4,1,1
BRDA:81,5,0,2
BRDA:84,6,0,0
BRDA:84,6,1,2
BRDA:88,7,0,0
BRDA:88,7,1,2
BRDA:93,8,0,2
BRDA:93,8,1,0
BRF:17
BRH:8
end_of_record
TN:
SF:src/field-set/common/observe.js
FN:4,(anonymous_0)
FN:4,(anonymous_1)
FN:6,(anonymous_2)
FN:7,(anonymous_3)
FN:11,(anonymous_4)
FNF:5
FNH:5
FNDA:2,(anonymous_0)
FNDA:3,(anonymous_1)
FNDA:16,(anonymous_2)
FNDA:1,(anonymous_3)
FNDA:16,(anonymous_4)
DA:4,3
DA:6,2
DA:7,16
DA:11,16
LF:4
LH:4
BRF:0
BRH:0
end_of_record
TN:
SF:src/form-generator/index.js
FN:16,(anonymous_0)
FNF:1
FNH:0
FNDA:0,(anonymous_0)
DA:1,2
DA:7,2
DA:16,2
DA:20,0
DA:21,0
DA:22,0
DA:23,0
DA:24,0
DA:25,0
LF:9
LH:3
BRDA:17,0,0,0
BRDA:18,1,0,0
BRF:2
BRH:0
end_of_record
